2020/11/02 08:38:15 [DEBUG]Server.go:53: DoConnecionBegin is Called ... 
2020/11/02 08:38:15 [DEBUG]Server.go:56: Set conn Name, Home done!
2020/11/02 08:38:16 [DEBUG]connection.go:254: SendBuffMsg =  ping
2020/11/02 08:38:16 [DEBUG]connection.go:223: SendBuffMsg =  ping
2020/11/02 08:38:16 [DEBUG]Server.go:26: Call PingRouter Handle
2020/11/02 08:38:16 [DEBUG]Server.go:28: recv from client : msgId= -1 , data= ping
2020/11/02 08:38:16 [DEBUG]connection.go:254: SendBuffMsg =  ping...ping...ping
2020/11/02 08:38:17 [DEBUG]connection.go:254: SendBuffMsg =  ping
2020/11/02 08:38:17 [DEBUG]connection.go:223: SendBuffMsg =  ping
2020/11/02 08:38:17 [DEBUG]Server.go:26: Call PingRouter Handle
2020/11/02 08:38:17 [DEBUG]Server.go:28: recv from client : msgId= -1 , data= ping
2020/11/02 08:38:17 [DEBUG]connection.go:254: SendBuffMsg =  ping...ping...ping
2020/11/02 08:38:18 [DEBUG]connection.go:254: SendBuffMsg =  ping
2020/11/02 08:38:18 [DEBUG]connection.go:223: SendBuffMsg =  ping
2020/11/02 08:38:18 [DEBUG]Server.go:26: Call PingRouter Handle
2020/11/02 08:38:18 [DEBUG]Server.go:28: recv from client : msgId= -1 , data= ping
2020/11/02 08:38:18 [DEBUG]connection.go:254: SendBuffMsg =  ping...ping...ping
2020/11/02 08:38:19 [DEBUG]connection.go:254: SendBuffMsg =  ping
2020/11/02 08:38:19 [DEBUG]connection.go:223: SendBuffMsg =  ping
2020/11/02 08:38:19 [DEBUG]Server.go:26: Call PingRouter Handle
2020/11/02 08:38:19 [DEBUG]Server.go:28: recv from client : msgId= -1 , data= ping
2020/11/02 08:38:19 [DEBUG]connection.go:254: SendBuffMsg =  ping...ping...ping
2020/11/02 08:38:20 [DEBUG]connection.go:254: SendBuffMsg =  ping
2020/11/02 08:38:20 [DEBUG]connection.go:223: SendBuffMsg =  ping
2020/11/02 08:38:20 [DEBUG]Server.go:26: Call PingRouter Handle
2020/11/02 08:38:20 [DEBUG]Server.go:28: recv from client : msgId= -1 , data= ping
2020/11/02 08:38:20 [DEBUG]connection.go:254: SendBuffMsg =  ping...ping...ping
2020/11/02 08:38:21 [DEBUG]connection.go:223: SendBuffMsg =  ping
2020/11/02 08:38:21 [DEBUG]connection.go:254: SendBuffMsg =  ping
2020/11/02 08:38:21 [DEBUG]Server.go:26: Call PingRouter Handle
2020/11/02 08:38:21 [DEBUG]Server.go:28: recv from client : msgId= -1 , data= ping
2020/11/02 08:38:21 [DEBUG]connection.go:254: SendBuffMsg =  ping...ping...ping
2020/11/02 08:38:22 [DEBUG]connection.go:223: SendBuffMsg =  ping
2020/11/02 08:38:22 [DEBUG]connection.go:254: SendBuffMsg =  ping
2020/11/02 08:38:22 [DEBUG]Server.go:26: Call PingRouter Handle
2020/11/02 08:38:22 [DEBUG]Server.go:28: recv from client : msgId= -1 , data= ping
2020/11/02 08:38:22 [DEBUG]connection.go:254: SendBuffMsg =  ping...ping...ping
2020/11/02 08:38:23 [DEBUG]connection.go:223: SendBuffMsg =  ping
2020/11/02 08:38:23 [DEBUG]connection.go:254: SendBuffMsg =  ping
2020/11/02 08:38:23 [DEBUG]Server.go:26: Call PingRouter Handle
2020/11/02 08:38:23 [DEBUG]Server.go:28: recv from client : msgId= -1 , data= ping
2020/11/02 08:38:23 [DEBUG]connection.go:254: SendBuffMsg =  ping...ping...ping
2020/11/02 08:38:24 [DEBUG]connection.go:223: SendBuffMsg =  ping
2020/11/02 08:38:24 [DEBUG]connection.go:254: SendBuffMsg =  ping
2020/11/02 08:38:24 [DEBUG]Server.go:26: Call PingRouter Handle
2020/11/02 08:38:24 [DEBUG]Server.go:28: recv from client : msgId= -1 , data= ping
2020/11/02 08:38:24 [DEBUG]connection.go:254: SendBuffMsg =  ping...ping...ping
2020/11/02 08:38:25 [DEBUG]connection.go:223: SendBuffMsg =  ping
2020/11/02 08:38:25 [DEBUG]connection.go:254: SendBuffMsg =  ping
2020/11/02 08:38:25 [DEBUG]Server.go:26: Call PingRouter Handle
2020/11/02 08:38:25 [DEBUG]Server.go:28: recv from client : msgId= -1 , data= ping
2020/11/02 08:38:25 [DEBUG]connection.go:254: SendBuffMsg =  ping...ping...ping
2020/11/02 08:38:26 [DEBUG]connection.go:223: SendBuffMsg =  ping
2020/11/02 08:38:26 [DEBUG]connection.go:254: SendBuffMsg =  ping
2020/11/02 08:38:26 [DEBUG]Server.go:26: Call PingRouter Handle
2020/11/02 08:38:26 [DEBUG]Server.go:28: recv from client : msgId= -1 , data= ping
2020/11/02 08:38:26 [DEBUG]connection.go:254: SendBuffMsg =  ping...ping...ping
2020/11/02 08:38:27 [DEBUG]connection.go:254: SendBuffMsg =  ping
2020/11/02 08:38:27 [DEBUG]connection.go:223: SendBuffMsg =  ping
2020/11/02 08:38:27 [DEBUG]Server.go:26: Call PingRouter Handle
2020/11/02 08:38:27 [DEBUG]Server.go:28: recv from client : msgId= -1 , data= ping
2020/11/02 08:38:27 [DEBUG]connection.go:254: SendBuffMsg =  ping...ping...ping
2020/11/02 08:39:58 [DEBUG]Server.go:53: DoConnecionBegin is Called ... 
2020/11/02 08:39:58 [DEBUG]Server.go:56: Set conn Name, Home done!
2020/11/02 08:39:59 [DEBUG]connection.go:254: Server SendBuffMsg data =  ping
2020/11/02 08:39:59 [DEBUG]connection.go:223: Client SendBuffMsg data =  ping
2020/11/02 08:39:59 [DEBUG]Server.go:26: Call PingRouter Handle
2020/11/02 08:39:59 [DEBUG]Server.go:28: recv from client : msgId= -1 , data= ping
2020/11/02 08:39:59 [DEBUG]connection.go:254: Server SendBuffMsg data =  ping...ping...ping
2020/11/02 08:40:00 [DEBUG]connection.go:254: Server SendBuffMsg data =  ping
2020/11/02 08:40:00 [DEBUG]connection.go:223: Client SendBuffMsg data =  ping
2020/11/02 08:40:00 [DEBUG]Server.go:26: Call PingRouter Handle
2020/11/02 08:40:00 [DEBUG]Server.go:28: recv from client : msgId= -1 , data= ping
2020/11/02 08:40:00 [DEBUG]connection.go:254: Server SendBuffMsg data =  ping...ping...ping
2020/11/02 08:40:01 [DEBUG]connection.go:223: Client SendBuffMsg data =  ping
2020/11/02 08:40:01 [DEBUG]connection.go:254: Server SendBuffMsg data =  ping
2020/11/02 08:40:01 [DEBUG]Server.go:26: Call PingRouter Handle
2020/11/02 08:40:01 [DEBUG]Server.go:28: recv from client : msgId= -1 , data= ping
2020/11/02 08:40:01 [DEBUG]connection.go:254: Server SendBuffMsg data =  ping...ping...ping
2020/11/02 08:40:02 [DEBUG]connection.go:223: Client SendBuffMsg data =  ping
2020/11/02 08:40:02 [DEBUG]connection.go:254: Server SendBuffMsg data =  ping
2020/11/02 08:40:02 [DEBUG]Server.go:26: Call PingRouter Handle
2020/11/02 08:40:02 [DEBUG]Server.go:28: recv from client : msgId= -1 , data= ping
2020/11/02 08:40:02 [DEBUG]connection.go:254: Server SendBuffMsg data =  ping...ping...ping
2020/11/02 08:40:03 [DEBUG]connection.go:223: Client SendBuffMsg data =  ping
2020/11/02 08:40:03 [DEBUG]connection.go:254: Server SendBuffMsg data =  ping
2020/11/02 08:40:03 [DEBUG]Server.go:26: Call PingRouter Handle
2020/11/02 08:40:03 [DEBUG]Server.go:28: recv from client : msgId= -1 , data= ping
2020/11/02 08:40:03 [DEBUG]connection.go:254: Server SendBuffMsg data =  ping...ping...ping
2020/11/02 08:40:04 [DEBUG]connection.go:254: Server SendBuffMsg data =  ping
2020/11/02 08:40:04 [DEBUG]connection.go:223: Client SendBuffMsg data =  ping
2020/11/02 08:40:04 [DEBUG]Server.go:26: Call PingRouter Handle
2020/11/02 08:40:04 [DEBUG]Server.go:28: recv from client : msgId= -1 , data= ping
2020/11/02 08:40:04 [DEBUG]connection.go:254: Server SendBuffMsg data =  ping...ping...ping
2020/11/02 08:40:05 [DEBUG]connection.go:223: Client SendBuffMsg data =  ping
2020/11/02 08:40:05 [DEBUG]connection.go:254: Server SendBuffMsg data =  ping
2020/11/02 08:40:05 [DEBUG]Server.go:26: Call PingRouter Handle
2020/11/02 08:40:05 [DEBUG]Server.go:28: recv from client : msgId= -1 , data= ping
2020/11/02 08:40:05 [DEBUG]connection.go:254: Server SendBuffMsg data =  ping...ping...ping
2020/11/02 08:40:06 [DEBUG]connection.go:254: Server SendBuffMsg data =  ping
2020/11/02 08:40:06 [DEBUG]connection.go:223: Client SendBuffMsg data =  ping
2020/11/02 08:40:06 [DEBUG]Server.go:26: Call PingRouter Handle
2020/11/02 08:40:06 [DEBUG]Server.go:28: recv from client : msgId= -1 , data= ping
2020/11/02 08:40:06 [DEBUG]connection.go:254: Server SendBuffMsg data =  ping...ping...ping
2020/11/02 08:40:07 [DEBUG]connection.go:254: Server SendBuffMsg data =  ping
2020/11/02 08:40:07 [DEBUG]connection.go:223: Client SendBuffMsg data =  ping
2020/11/02 08:40:07 [DEBUG]Server.go:26: Call PingRouter Handle
2020/11/02 08:40:07 [DEBUG]Server.go:28: recv from client : msgId= -1 , data= ping
2020/11/02 08:40:07 [DEBUG]connection.go:254: Server SendBuffMsg data =  ping...ping...ping
2020/11/02 08:40:08 [DEBUG]connection.go:223: Client SendBuffMsg data =  ping
2020/11/02 08:40:08 [DEBUG]connection.go:254: Server SendBuffMsg data =  ping
2020/11/02 08:40:08 [DEBUG]Server.go:26: Call PingRouter Handle
2020/11/02 08:40:08 [DEBUG]Server.go:28: recv from client : msgId= -1 , data= ping
2020/11/02 08:40:08 [DEBUG]connection.go:254: Server SendBuffMsg data =  ping...ping...ping
2020/11/02 08:40:09 [DEBUG]connection.go:223: Client SendBuffMsg data =  ping
2020/11/02 08:40:09 [DEBUG]connection.go:254: Server SendBuffMsg data =  ping
2020/11/02 08:40:09 [DEBUG]Server.go:26: Call PingRouter Handle
2020/11/02 08:40:09 [DEBUG]Server.go:28: recv from client : msgId= -1 , data= ping
2020/11/02 08:40:09 [DEBUG]connection.go:254: Server SendBuffMsg data =  ping...ping...ping
2020/11/02 08:40:10 [DEBUG]connection.go:223: Client SendBuffMsg data =  ping
2020/11/02 08:40:10 [DEBUG]connection.go:254: Server SendBuffMsg data =  ping
2020/11/02 08:40:10 [DEBUG]Server.go:26: Call PingRouter Handle
2020/11/02 08:40:10 [DEBUG]Server.go:28: recv from client : msgId= -1 , data= ping
2020/11/02 08:40:10 [DEBUG]connection.go:254: Server SendBuffMsg data =  ping...ping...ping
2020/11/02 08:40:11 [DEBUG]connection.go:223: Client SendBuffMsg data =  ping
2020/11/02 08:40:11 [DEBUG]connection.go:254: Server SendBuffMsg data =  ping
2020/11/02 08:40:11 [DEBUG]Server.go:26: Call PingRouter Handle
2020/11/02 08:40:11 [DEBUG]Server.go:28: recv from client : msgId= -1 , data= ping
2020/11/02 08:40:11 [DEBUG]connection.go:254: Server SendBuffMsg data =  ping...ping...ping
2020/11/02 08:40:12 [DEBUG]connection.go:254: Server SendBuffMsg data =  ping
2020/11/02 08:40:12 [DEBUG]connection.go:223: Client SendBuffMsg data =  ping
2020/11/02 08:40:12 [DEBUG]Server.go:26: Call PingRouter Handle
2020/11/02 08:40:12 [DEBUG]Server.go:28: recv from client : msgId= -1 , data= ping
2020/11/02 08:40:12 [DEBUG]connection.go:254: Server SendBuffMsg data =  ping...ping...ping
2020/11/02 08:40:13 [DEBUG]connection.go:223: Client SendBuffMsg data =  ping
2020/11/02 08:40:13 [DEBUG]connection.go:254: Server SendBuffMsg data =  ping
2020/11/02 08:40:13 [DEBUG]Server.go:26: Call PingRouter Handle
2020/11/02 08:40:13 [DEBUG]Server.go:28: recv from client : msgId= -1 , data= ping
2020/11/02 08:40:13 [DEBUG]connection.go:254: Server SendBuffMsg data =  ping...ping...ping
2020/11/02 08:40:14 [DEBUG]connection.go:223: Client SendBuffMsg data =  ping
2020/11/02 08:40:14 [DEBUG]connection.go:254: Server SendBuffMsg data =  ping
2020/11/02 08:40:14 [DEBUG]Server.go:26: Call PingRouter Handle
2020/11/02 08:40:14 [DEBUG]Server.go:28: recv from client : msgId= -1 , data= ping
2020/11/02 08:40:14 [DEBUG]connection.go:254: Server SendBuffMsg data =  ping...ping...ping
2020/11/02 08:40:15 [DEBUG]connection.go:223: Client SendBuffMsg data =  ping
2020/11/02 08:40:15 [DEBUG]connection.go:254: Server SendBuffMsg data =  ping
2020/11/02 08:40:15 [DEBUG]Server.go:26: Call PingRouter Handle
2020/11/02 08:40:15 [DEBUG]Server.go:28: recv from client : msgId= -1 , data= ping
2020/11/02 08:40:15 [DEBUG]connection.go:254: Server SendBuffMsg data =  ping...ping...ping
2020/11/02 08:40:16 [DEBUG]connection.go:223: Client SendBuffMsg data =  ping
2020/11/02 08:40:16 [DEBUG]connection.go:254: Server SendBuffMsg data =  ping
2020/11/02 08:40:16 [DEBUG]Server.go:26: Call PingRouter Handle
2020/11/02 08:40:16 [DEBUG]Server.go:28: recv from client : msgId= -1 , data= ping
2020/11/02 08:40:16 [DEBUG]connection.go:254: Server SendBuffMsg data =  ping...ping...ping
2020/11/02 08:40:17 [DEBUG]connection.go:254: Server SendBuffMsg data =  ping
2020/11/02 08:40:17 [DEBUG]connection.go:223: Client SendBuffMsg data =  ping
2020/11/02 08:40:17 [DEBUG]Server.go:26: Call PingRouter Handle
2020/11/02 08:40:17 [DEBUG]Server.go:28: recv from client : msgId= -1 , data= ping
2020/11/02 08:40:17 [DEBUG]connection.go:254: Server SendBuffMsg data =  ping...ping...ping
2020/11/02 08:40:18 [DEBUG]connection.go:254: Server SendBuffMsg data =  ping
2020/11/02 08:40:18 [DEBUG]connection.go:223: Client SendBuffMsg data =  ping
2020/11/02 08:40:18 [DEBUG]Server.go:26: Call PingRouter Handle
2020/11/02 08:40:18 [DEBUG]Server.go:28: recv from client : msgId= -1 , data= ping
2020/11/02 08:40:18 [DEBUG]connection.go:254: Server SendBuffMsg data =  ping...ping...ping
2020/11/02 08:40:19 [DEBUG]connection.go:254: Server SendBuffMsg data =  ping
2020/11/02 08:40:19 [DEBUG]connection.go:223: Client SendBuffMsg data =  ping
2020/11/02 08:40:19 [DEBUG]Server.go:26: Call PingRouter Handle
2020/11/02 08:40:19 [DEBUG]Server.go:28: recv from client : msgId= -1 , data= ping
2020/11/02 08:40:19 [DEBUG]connection.go:254: Server SendBuffMsg data =  ping...ping...ping
2020/11/02 08:40:20 [DEBUG]connection.go:254: Server SendBuffMsg data =  ping
2020/11/02 08:40:20 [DEBUG]connection.go:223: Client SendBuffMsg data =  ping
2020/11/02 08:40:20 [DEBUG]Server.go:26: Call PingRouter Handle
2020/11/02 08:40:20 [DEBUG]Server.go:28: recv from client : msgId= -1 , data= ping
2020/11/02 08:40:20 [DEBUG]connection.go:254: Server SendBuffMsg data =  ping...ping...ping
2020/11/02 08:40:21 [DEBUG]connection.go:223: Client SendBuffMsg data =  ping
2020/11/02 08:40:21 [DEBUG]connection.go:254: Server SendBuffMsg data =  ping
2020/11/02 08:40:21 [DEBUG]Server.go:26: Call PingRouter Handle
2020/11/02 08:40:21 [DEBUG]Server.go:28: recv from client : msgId= -1 , data= ping
2020/11/02 08:40:21 [DEBUG]connection.go:254: Server SendBuffMsg data =  ping...ping...ping
2020/11/02 08:40:22 [DEBUG]connection.go:223: Client SendBuffMsg data =  ping
2020/11/02 08:40:22 [DEBUG]connection.go:254: Server SendBuffMsg data =  ping
2020/11/02 08:40:22 [DEBUG]Server.go:26: Call PingRouter Handle
2020/11/02 08:40:22 [DEBUG]Server.go:28: recv from client : msgId= -1 , data= ping
2020/11/02 08:40:22 [DEBUG]connection.go:254: Server SendBuffMsg data =  ping...ping...ping
2020/11/02 08:40:23 [DEBUG]connection.go:254: Server SendBuffMsg data =  ping
2020/11/02 08:40:23 [DEBUG]connection.go:223: Client SendBuffMsg data =  ping
2020/11/02 08:40:23 [DEBUG]Server.go:26: Call PingRouter Handle
2020/11/02 08:40:23 [DEBUG]Server.go:28: recv from client : msgId= -1 , data= ping
2020/11/02 08:40:23 [DEBUG]connection.go:254: Server SendBuffMsg data =  ping...ping...ping
2020/11/02 08:40:24 [DEBUG]connection.go:254: Server SendBuffMsg data =  ping
2020/11/02 08:40:24 [DEBUG]connection.go:223: Client SendBuffMsg data =  ping
2020/11/02 08:40:24 [DEBUG]Server.go:26: Call PingRouter Handle
2020/11/02 08:40:24 [DEBUG]Server.go:28: recv from client : msgId= -1 , data= ping
2020/11/02 08:40:24 [DEBUG]connection.go:254: Server SendBuffMsg data =  ping...ping...ping
2020/11/02 08:40:25 [DEBUG]connection.go:223: Client SendBuffMsg data =  ping
2020/11/02 08:40:25 [DEBUG]connection.go:254: Server SendBuffMsg data =  ping
2020/11/02 08:40:25 [DEBUG]Server.go:26: Call PingRouter Handle
2020/11/02 08:40:25 [DEBUG]Server.go:28: recv from client : msgId= -1 , data= ping
2020/11/02 08:40:25 [DEBUG]connection.go:254: Server SendBuffMsg data =  ping...ping...ping
2020/11/02 08:40:26 [DEBUG]connection.go:223: Client SendBuffMsg data =  ping
2020/11/02 08:40:26 [DEBUG]connection.go:254: Server SendBuffMsg data =  ping
2020/11/02 08:40:26 [DEBUG]Server.go:26: Call PingRouter Handle
2020/11/02 08:40:26 [DEBUG]Server.go:28: recv from client : msgId= -1 , data= ping
2020/11/02 08:40:26 [DEBUG]connection.go:254: Server SendBuffMsg data =  ping...ping...ping
2020/11/02 08:40:27 [DEBUG]connection.go:223: Client SendBuffMsg data =  ping
2020/11/02 08:40:27 [DEBUG]connection.go:254: Server SendBuffMsg data =  ping
2020/11/02 08:40:27 [DEBUG]Server.go:26: Call PingRouter Handle
2020/11/02 08:40:27 [DEBUG]Server.go:28: recv from client : msgId= -1 , data= ping
2020/11/02 08:40:27 [DEBUG]connection.go:254: Server SendBuffMsg data =  ping...ping...ping
2020/11/02 08:40:28 [DEBUG]connection.go:223: Client SendBuffMsg data =  ping
2020/11/02 08:40:28 [DEBUG]connection.go:254: Server SendBuffMsg data =  ping
2020/11/02 08:40:28 [DEBUG]Server.go:26: Call PingRouter Handle
2020/11/02 08:40:28 [DEBUG]Server.go:28: recv from client : msgId= -1 , data= ping
2020/11/02 08:40:28 [DEBUG]connection.go:254: Server SendBuffMsg data =  ping...ping...ping
2020/11/02 08:40:29 [DEBUG]connection.go:223: Client SendBuffMsg data =  ping
2020/11/02 08:40:29 [DEBUG]connection.go:254: Server SendBuffMsg data =  ping
2020/11/02 08:40:29 [DEBUG]Server.go:26: Call PingRouter Handle
2020/11/02 08:40:29 [DEBUG]Server.go:28: recv from client : msgId= -1 , data= ping
2020/11/02 08:40:29 [DEBUG]connection.go:254: Server SendBuffMsg data =  ping...ping...ping
2020/11/02 08:40:30 [DEBUG]connection.go:223: Client SendBuffMsg data =  ping
2020/11/02 08:40:30 [DEBUG]connection.go:254: Server SendBuffMsg data =  ping
2020/11/02 08:40:30 [DEBUG]Server.go:26: Call PingRouter Handle
2020/11/02 08:40:30 [DEBUG]Server.go:28: recv from client : msgId= -1 , data= ping
2020/11/02 08:40:30 [DEBUG]connection.go:254: Server SendBuffMsg data =  ping...ping...ping
2020/11/02 08:40:31 [DEBUG]connection.go:254: Server SendBuffMsg data =  ping
2020/11/02 08:40:31 [DEBUG]connection.go:223: Client SendBuffMsg data =  ping
2020/11/02 08:40:31 [DEBUG]Server.go:26: Call PingRouter Handle
2020/11/02 08:40:31 [DEBUG]Server.go:28: recv from client : msgId= -1 , data= ping
2020/11/02 08:40:31 [DEBUG]connection.go:254: Server SendBuffMsg data =  ping...ping...ping
2020/11/02 08:40:32 [DEBUG]connection.go:223: Client SendBuffMsg data =  ping
2020/11/02 08:40:32 [DEBUG]connection.go:254: Server SendBuffMsg data =  ping
2020/11/02 08:40:32 [DEBUG]Server.go:26: Call PingRouter Handle
2020/11/02 08:40:32 [DEBUG]Server.go:28: recv from client : msgId= -1 , data= ping
2020/11/02 08:40:32 [DEBUG]connection.go:254: Server SendBuffMsg data =  ping...ping...ping
2020/11/02 08:40:33 [DEBUG]connection.go:254: Server SendBuffMsg data =  ping
2020/11/02 08:40:33 [DEBUG]connection.go:223: Client SendBuffMsg data =  ping
2020/11/02 08:40:33 [DEBUG]Server.go:26: Call PingRouter Handle
2020/11/02 08:40:33 [DEBUG]Server.go:28: recv from client : msgId= -1 , data= ping
2020/11/02 08:40:33 [DEBUG]connection.go:254: Server SendBuffMsg data =  ping...ping...ping
2020/11/02 08:40:34 [DEBUG]connection.go:254: Server SendBuffMsg data =  ping
2020/11/02 08:40:34 [DEBUG]connection.go:223: Client SendBuffMsg data =  ping
2020/11/02 08:40:34 [DEBUG]Server.go:26: Call PingRouter Handle
2020/11/02 08:40:34 [DEBUG]Server.go:28: recv from client : msgId= -1 , data= ping
2020/11/02 08:40:34 [DEBUG]connection.go:254: Server SendBuffMsg data =  ping...ping...ping
2020/11/02 08:40:35 [DEBUG]connection.go:254: Server SendBuffMsg data =  ping
2020/11/02 08:40:35 [DEBUG]connection.go:223: Client SendBuffMsg data =  ping
2020/11/02 08:40:35 [DEBUG]Server.go:26: Call PingRouter Handle
2020/11/02 08:40:35 [DEBUG]Server.go:28: recv from client : msgId= -1 , data= ping
2020/11/02 08:40:35 [DEBUG]connection.go:254: Server SendBuffMsg data =  ping...ping...ping
2020/11/02 08:40:36 [DEBUG]connection.go:254: Server SendBuffMsg data =  ping
2020/11/02 08:40:36 [DEBUG]connection.go:223: Client SendBuffMsg data =  ping
2020/11/02 08:40:36 [DEBUG]Server.go:26: Call PingRouter Handle
2020/11/02 08:40:36 [DEBUG]Server.go:28: recv from client : msgId= -1 , data= ping
2020/11/02 08:40:36 [DEBUG]connection.go:254: Server SendBuffMsg data =  ping...ping...ping
2020/11/02 08:40:37 [DEBUG]connection.go:223: Client SendBuffMsg data =  ping
2020/11/02 08:40:37 [DEBUG]connection.go:254: Server SendBuffMsg data =  ping
2020/11/02 08:40:37 [DEBUG]Server.go:26: Call PingRouter Handle
2020/11/02 08:40:37 [DEBUG]Server.go:28: recv from client : msgId= -1 , data= ping
2020/11/02 08:40:37 [DEBUG]connection.go:254: Server SendBuffMsg data =  ping...ping...ping
2020/11/02 08:40:38 [DEBUG]connection.go:223: Client SendBuffMsg data =  ping
2020/11/02 08:40:38 [DEBUG]connection.go:254: Server SendBuffMsg data =  ping
2020/11/02 08:40:38 [DEBUG]Server.go:26: Call PingRouter Handle
2020/11/02 08:40:38 [DEBUG]Server.go:28: recv from client : msgId= -1 , data= ping
2020/11/02 08:40:38 [DEBUG]connection.go:254: Server SendBuffMsg data =  ping...ping...ping
2020/11/02 08:40:39 [DEBUG]connection.go:223: Client SendBuffMsg data =  ping
2020/11/02 08:40:39 [DEBUG]connection.go:254: Server SendBuffMsg data =  ping
2020/11/02 08:40:39 [DEBUG]Server.go:26: Call PingRouter Handle
2020/11/02 08:40:39 [DEBUG]Server.go:28: recv from client : msgId= -1 , data= ping
2020/11/02 08:40:39 [DEBUG]connection.go:254: Server SendBuffMsg data =  ping...ping...ping
2020/11/02 08:40:40 [DEBUG]connection.go:223: Client SendBuffMsg data =  ping
2020/11/02 08:40:40 [DEBUG]connection.go:254: Server SendBuffMsg data =  ping
2020/11/02 08:40:40 [DEBUG]Server.go:26: Call PingRouter Handle
2020/11/02 08:40:40 [DEBUG]Server.go:28: recv from client : msgId= -1 , data= ping
2020/11/02 08:40:40 [DEBUG]connection.go:254: Server SendBuffMsg data =  ping...ping...ping
2020/11/02 08:40:41 [DEBUG]connection.go:254: Server SendBuffMsg data =  ping
2020/11/02 08:40:41 [DEBUG]connection.go:223: Client SendBuffMsg data =  ping
2020/11/02 08:40:41 [DEBUG]Server.go:26: Call PingRouter Handle
2020/11/02 08:40:41 [DEBUG]Server.go:28: recv from client : msgId= -1 , data= ping
2020/11/02 08:40:41 [DEBUG]connection.go:254: Server SendBuffMsg data =  ping...ping...ping
2020/11/02 08:40:42 [DEBUG]connection.go:254: Server SendBuffMsg data =  ping
2020/11/02 08:40:42 [DEBUG]connection.go:223: Client SendBuffMsg data =  ping
2020/11/02 08:40:42 [DEBUG]Server.go:26: Call PingRouter Handle
2020/11/02 08:40:42 [DEBUG]Server.go:28: recv from client : msgId= -1 , data= ping
2020/11/02 08:40:42 [DEBUG]connection.go:254: Server SendBuffMsg data =  ping...ping...ping
2020/11/02 08:40:43 [DEBUG]connection.go:223: Client SendBuffMsg data =  ping
2020/11/02 08:40:43 [DEBUG]connection.go:254: Server SendBuffMsg data =  ping
2020/11/02 08:40:43 [DEBUG]Server.go:26: Call PingRouter Handle
2020/11/02 08:40:43 [DEBUG]Server.go:28: recv from client : msgId= -1 , data= ping
2020/11/02 08:40:43 [DEBUG]connection.go:254: Server SendBuffMsg data =  ping...ping...ping
2020/11/02 08:40:44 [DEBUG]connection.go:254: Server SendBuffMsg data =  ping
2020/11/02 08:40:44 [DEBUG]connection.go:223: Client SendBuffMsg data =  ping
2020/11/02 08:40:44 [DEBUG]Server.go:26: Call PingRouter Handle
2020/11/02 08:40:44 [DEBUG]Server.go:28: recv from client : msgId= -1 , data= ping
2020/11/02 08:40:44 [DEBUG]connection.go:254: Server SendBuffMsg data =  ping...ping...ping
2020/11/02 08:40:45 [DEBUG]connection.go:223: Client SendBuffMsg data =  ping
2020/11/02 08:40:45 [DEBUG]connection.go:254: Server SendBuffMsg data =  ping
2020/11/02 08:40:45 [DEBUG]Server.go:26: Call PingRouter Handle
2020/11/02 08:40:45 [DEBUG]Server.go:28: recv from client : msgId= -1 , data= ping
2020/11/02 08:40:45 [DEBUG]connection.go:254: Server SendBuffMsg data =  ping...ping...ping
2020/11/02 08:40:46 [DEBUG]connection.go:254: Server SendBuffMsg data =  ping
2020/11/02 08:40:46 [DEBUG]connection.go:223: Client SendBuffMsg data =  ping
2020/11/02 08:40:46 [DEBUG]Server.go:26: Call PingRouter Handle
2020/11/02 08:40:46 [DEBUG]Server.go:28: recv from client : msgId= -1 , data= ping
2020/11/02 08:40:46 [DEBUG]connection.go:254: Server SendBuffMsg data =  ping...ping...ping
2020/11/02 08:40:47 [DEBUG]connection.go:223: Client SendBuffMsg data =  ping
2020/11/02 08:40:47 [DEBUG]connection.go:254: Server SendBuffMsg data =  ping
2020/11/02 08:40:47 [DEBUG]Server.go:26: Call PingRouter Handle
2020/11/02 08:40:47 [DEBUG]Server.go:28: recv from client : msgId= -1 , data= ping
2020/11/02 08:40:47 [DEBUG]connection.go:254: Server SendBuffMsg data =  ping...ping...ping
2020/11/02 08:40:48 [DEBUG]connection.go:254: Server SendBuffMsg data =  ping
2020/11/02 08:40:48 [DEBUG]connection.go:223: Client SendBuffMsg data =  ping
2020/11/02 08:40:48 [DEBUG]Server.go:26: Call PingRouter Handle
2020/11/02 08:40:48 [DEBUG]Server.go:28: recv from client : msgId= -1 , data= ping
2020/11/02 08:40:48 [DEBUG]connection.go:254: Server SendBuffMsg data =  ping...ping...ping
2020/11/02 08:40:49 [DEBUG]connection.go:254: Server SendBuffMsg data =  ping
2020/11/02 08:40:49 [DEBUG]connection.go:223: Client SendBuffMsg data =  ping
2020/11/02 08:40:49 [DEBUG]Server.go:26: Call PingRouter Handle
2020/11/02 08:40:49 [DEBUG]Server.go:28: recv from client : msgId= -1 , data= ping
2020/11/02 08:40:49 [DEBUG]connection.go:254: Server SendBuffMsg data =  ping...ping...ping
2020/11/02 08:40:50 [DEBUG]connection.go:254: Server SendBuffMsg data =  ping
2020/11/02 08:40:50 [DEBUG]connection.go:223: Client SendBuffMsg data =  ping
2020/11/02 08:40:50 [DEBUG]Server.go:26: Call PingRouter Handle
2020/11/02 08:40:50 [DEBUG]Server.go:28: recv from client : msgId= -1 , data= ping
2020/11/02 08:40:50 [DEBUG]connection.go:254: Server SendBuffMsg data =  ping...ping...ping
2020/11/02 08:40:51 [DEBUG]connection.go:223: Client SendBuffMsg data =  ping
2020/11/02 08:40:51 [DEBUG]connection.go:254: Server SendBuffMsg data =  ping
2020/11/02 08:40:51 [DEBUG]Server.go:26: Call PingRouter Handle
2020/11/02 08:40:51 [DEBUG]Server.go:28: recv from client : msgId= -1 , data= ping
2020/11/02 08:40:51 [DEBUG]connection.go:254: Server SendBuffMsg data =  ping...ping...ping
2020/11/02 08:40:52 [DEBUG]connection.go:254: Server SendBuffMsg data =  ping
2020/11/02 08:40:52 [DEBUG]connection.go:223: Client SendBuffMsg data =  ping
2020/11/02 08:40:52 [DEBUG]Server.go:26: Call PingRouter Handle
2020/11/02 08:40:52 [DEBUG]Server.go:28: recv from client : msgId= -1 , data= ping
2020/11/02 08:40:52 [DEBUG]connection.go:254: Server SendBuffMsg data =  ping...ping...ping
2020/11/02 08:40:53 [DEBUG]connection.go:254: Server SendBuffMsg data =  ping
2020/11/02 08:40:53 [DEBUG]connection.go:223: Client SendBuffMsg data =  ping
2020/11/02 08:40:53 [DEBUG]Server.go:26: Call PingRouter Handle
2020/11/02 08:40:53 [DEBUG]Server.go:28: recv from client : msgId= -1 , data= ping
2020/11/02 08:40:53 [DEBUG]connection.go:254: Server SendBuffMsg data =  ping...ping...ping
2020/11/02 08:40:54 [DEBUG]connection.go:254: Server SendBuffMsg data =  ping
2020/11/02 08:40:54 [DEBUG]connection.go:223: Client SendBuffMsg data =  ping
2020/11/02 08:40:54 [DEBUG]Server.go:26: Call PingRouter Handle
2020/11/02 08:40:54 [DEBUG]Server.go:28: recv from client : msgId= -1 , data= ping
2020/11/02 08:40:54 [DEBUG]connection.go:254: Server SendBuffMsg data =  ping...ping...ping
2020/11/02 08:40:55 [DEBUG]connection.go:254: Server SendBuffMsg data =  ping
2020/11/02 08:40:55 [DEBUG]connection.go:223: Client SendBuffMsg data =  ping
2020/11/02 08:40:55 [DEBUG]Server.go:26: Call PingRouter Handle
2020/11/02 08:40:55 [DEBUG]Server.go:28: recv from client : msgId= -1 , data= ping
2020/11/02 08:40:55 [DEBUG]connection.go:254: Server SendBuffMsg data =  ping...ping...ping
2020/11/02 08:40:56 [DEBUG]connection.go:223: Client SendBuffMsg data =  ping
2020/11/02 08:40:56 [DEBUG]connection.go:254: Server SendBuffMsg data =  ping
2020/11/02 08:40:56 [DEBUG]Server.go:26: Call PingRouter Handle
2020/11/02 08:40:56 [DEBUG]Server.go:28: recv from client : msgId= -1 , data= ping
2020/11/02 08:40:56 [DEBUG]connection.go:254: Server SendBuffMsg data =  ping...ping...ping
2020/11/02 08:40:57 [DEBUG]connection.go:254: Server SendBuffMsg data =  ping
2020/11/02 08:40:57 [DEBUG]connection.go:223: Client SendBuffMsg data =  ping
2020/11/02 08:40:57 [DEBUG]Server.go:26: Call PingRouter Handle
2020/11/02 08:40:57 [DEBUG]Server.go:28: recv from client : msgId= -1 , data= ping
2020/11/02 08:40:57 [DEBUG]connection.go:254: Server SendBuffMsg data =  ping...ping...ping
2020/11/02 08:40:58 [DEBUG]connection.go:254: Server SendBuffMsg data =  ping
2020/11/02 08:40:58 [DEBUG]connection.go:223: Client SendBuffMsg data =  ping
2020/11/02 08:40:58 [DEBUG]Server.go:26: Call PingRouter Handle
2020/11/02 08:40:58 [DEBUG]Server.go:28: recv from client : msgId= -1 , data= ping
2020/11/02 08:40:58 [DEBUG]connection.go:254: Server SendBuffMsg data =  ping...ping...ping
2020/11/02 08:40:59 [DEBUG]connection.go:223: Client SendBuffMsg data =  ping
2020/11/02 08:40:59 [DEBUG]connection.go:254: Server SendBuffMsg data =  ping
2020/11/02 08:40:59 [DEBUG]Server.go:26: Call PingRouter Handle
2020/11/02 08:40:59 [DEBUG]Server.go:28: recv from client : msgId= -1 , data= ping
2020/11/02 08:40:59 [DEBUG]connection.go:254: Server SendBuffMsg data =  ping...ping...ping
2020/11/02 08:41:00 [DEBUG]connection.go:223: Client SendBuffMsg data =  ping
2020/11/02 08:41:00 [DEBUG]connection.go:254: Server SendBuffMsg data =  ping
2020/11/02 08:41:00 [DEBUG]Server.go:26: Call PingRouter Handle
2020/11/02 08:41:00 [DEBUG]Server.go:28: recv from client : msgId= -1 , data= ping
2020/11/02 08:41:00 [DEBUG]connection.go:254: Server SendBuffMsg data =  ping...ping...ping
2020/11/02 08:41:01 [DEBUG]connection.go:223: Client SendBuffMsg data =  ping
2020/11/02 08:41:01 [DEBUG]connection.go:254: Server SendBuffMsg data =  ping
2020/11/02 08:41:01 [DEBUG]Server.go:26: Call PingRouter Handle
2020/11/02 08:41:01 [DEBUG]Server.go:28: recv from client : msgId= -1 , data= ping
2020/11/02 08:41:01 [DEBUG]connection.go:254: Server SendBuffMsg data =  ping...ping...ping
2020/11/02 08:41:02 [DEBUG]connection.go:254: Server SendBuffMsg data =  ping
2020/11/02 08:41:02 [DEBUG]connection.go:223: Client SendBuffMsg data =  ping
2020/11/02 08:41:02 [DEBUG]Server.go:26: Call PingRouter Handle
2020/11/02 08:41:02 [DEBUG]Server.go:28: recv from client : msgId= -1 , data= ping
2020/11/02 08:41:02 [DEBUG]connection.go:254: Server SendBuffMsg data =  ping...ping...ping
2020/11/02 08:41:03 [DEBUG]connection.go:223: Client SendBuffMsg data =  ping
2020/11/02 08:41:03 [DEBUG]connection.go:254: Server SendBuffMsg data =  ping
2020/11/02 08:41:03 [DEBUG]Server.go:26: Call PingRouter Handle
2020/11/02 08:41:03 [DEBUG]Server.go:28: recv from client : msgId= -1 , data= ping
2020/11/02 08:41:03 [DEBUG]connection.go:254: Server SendBuffMsg data =  ping...ping...ping
2020/11/02 08:41:04 [DEBUG]connection.go:223: Client SendBuffMsg data =  ping
2020/11/02 08:41:04 [DEBUG]connection.go:254: Server SendBuffMsg data =  ping
2020/11/02 08:41:04 [DEBUG]Server.go:26: Call PingRouter Handle
2020/11/02 08:41:04 [DEBUG]Server.go:28: recv from client : msgId= -1 , data= ping
2020/11/02 08:41:04 [DEBUG]connection.go:254: Server SendBuffMsg data =  ping...ping...ping
2020/11/02 08:41:05 [DEBUG]connection.go:254: Server SendBuffMsg data =  ping
2020/11/02 08:41:05 [DEBUG]connection.go:223: Client SendBuffMsg data =  ping
2020/11/02 08:41:05 [DEBUG]Server.go:26: Call PingRouter Handle
2020/11/02 08:41:05 [DEBUG]Server.go:28: recv from client : msgId= -1 , data= ping
2020/11/02 08:41:05 [DEBUG]connection.go:254: Server SendBuffMsg data =  ping...ping...ping
2020/11/02 08:41:06 [DEBUG]connection.go:254: Server SendBuffMsg data =  ping
2020/11/02 08:41:06 [DEBUG]connection.go:223: Client SendBuffMsg data =  ping
2020/11/02 08:41:06 [DEBUG]Server.go:26: Call PingRouter Handle
2020/11/02 08:41:06 [DEBUG]Server.go:28: recv from client : msgId= -1 , data= ping
2020/11/02 08:41:06 [DEBUG]connection.go:254: Server SendBuffMsg data =  ping...ping...ping
2020/11/02 08:41:07 [DEBUG]connection.go:254: Server SendBuffMsg data =  ping
2020/11/02 08:41:07 [DEBUG]connection.go:223: Client SendBuffMsg data =  ping
2020/11/02 08:41:07 [DEBUG]Server.go:26: Call PingRouter Handle
2020/11/02 08:41:07 [DEBUG]Server.go:28: recv from client : msgId= -1 , data= ping
2020/11/02 08:41:07 [DEBUG]connection.go:254: Server SendBuffMsg data =  ping...ping...ping
2020/11/02 08:41:08 [DEBUG]connection.go:223: Client SendBuffMsg data =  ping
2020/11/02 08:41:08 [DEBUG]connection.go:254: Server SendBuffMsg data =  ping
2020/11/02 08:41:08 [DEBUG]Server.go:26: Call PingRouter Handle
2020/11/02 08:41:08 [DEBUG]Server.go:28: recv from client : msgId= -1 , data= ping
2020/11/02 08:41:08 [DEBUG]connection.go:254: Server SendBuffMsg data =  ping...ping...ping
2020/11/02 08:41:09 [DEBUG]connection.go:254: Server SendBuffMsg data =  ping
2020/11/02 08:41:09 [DEBUG]connection.go:223: Client SendBuffMsg data =  ping
2020/11/02 08:41:09 [DEBUG]Server.go:26: Call PingRouter Handle
2020/11/02 08:41:09 [DEBUG]Server.go:28: recv from client : msgId= -1 , data= ping
2020/11/02 08:41:09 [DEBUG]connection.go:254: Server SendBuffMsg data =  ping...ping...ping
2020/11/02 08:41:10 [DEBUG]connection.go:254: Server SendBuffMsg data =  ping
2020/11/02 08:41:10 [DEBUG]connection.go:223: Client SendBuffMsg data =  ping
2020/11/02 08:41:10 [DEBUG]Server.go:26: Call PingRouter Handle
2020/11/02 08:41:10 [DEBUG]Server.go:28: recv from client : msgId= -1 , data= ping
2020/11/02 08:41:10 [DEBUG]connection.go:254: Server SendBuffMsg data =  ping...ping...ping
